# JRE version: OpenJDK Runtime Environment (8.0_212-b04) (build 1.8.0_212-release-1586-b04)
# Java VM: OpenJDK 64-Bit Server VM (25.212-b04 mixed mode windows-amd64 compressed oops)
Heap:
 PSYoungGen      total 458240K, used 208697K [0x00000000e0000000, 0x0000000100000000, 0x0000000100000000)
  eden space 431104K, 42% used [0x00000000e0000000,0x00000000eb151990,0x00000000fa500000)
  from space 27136K, 99% used [0x00000000fe580000,0x00000000ffffcb68,0x0000000100000000)
  to   space 46592K, 0% used [0x00000000fa500000,0x00000000fa500000,0x00000000fd280000)
 ParOldGen       total 173056K, used 125135K [0x00000000a0000000, 0x00000000aa900000, 0x00000000e0000000)
  object space 173056K, 72% used [0x00000000a0000000,0x00000000a7a33ea0,0x00000000aa900000)
 Metaspace       used 77830K, capacity 80978K, committed 81280K, reserved 1120256K
  class space    used 10420K, capacity 11071K, committed 11136K, reserved 1048576K
GC Heap History (10 events):
Event: 109.290 GC heap before
{Heap before GC invocations=39 (full 4):
 PSYoungGen      total 500224K, used 479296K [0x00000000e0000000, 0x0000000100000000, 0x0000000100000000)
  eden space 475648K, 100% used [0x00000000e0000000,0x00000000fd080000,0x00000000fd080000)
  from space 24576K, 14% used [0x00000000fe800000,0x00000000feb90010,0x0000000100000000)
  to   space 24064K, 0% used [0x00000000fd080000,0x00000000fd080000,0x00000000fe800000)
 ParOldGen       total 152064K, used 117633K [0x00000000a0000000, 0x00000000a9480000, 0x00000000e0000000)
  object space 152064K, 77% used [0x00000000a0000000,0x00000000a72e0738,0x00000000a9480000)
 Metaspace       used 75169K, capacity 78102K, committed 78720K, reserved 1118208K
  class space    used 10113K, capacity 10743K, committed 10880K, reserved 1048576K
Event: 109.348 GC heap after
Heap after GC invocations=39 (full 4):
 PSYoungGen      total 481792K, used 6127K [0x00000000e0000000, 0x00000000ffc80000, 0x0000000100000000)
  eden space 475648K, 0% used [0x00000000e0000000,0x00000000e0000000,0x00000000fd080000)
  from space 6144K, 99% used [0x00000000fd080000,0x00000000fd67bc78,0x00000000fd680000)
  to   space 22528K, 0% used [0x00000000fe680000,0x00000000fe680000,0x00000000ffc80000)
 ParOldGen       total 152064K, used 119257K [0x00000000a0000000, 0x00000000a9480000, 0x00000000e0000000)
  object space 152064K, 78% used [0x00000000a0000000,0x00000000a7476758,0x00000000a9480000)
 Metaspace       used 75169K, capacity 78102K, committed 78720K, reserved 1118208K
  class space    used 10113K, capacity 10743K, committed 10880K, reserved 1048576K
}
Event: 122.609 GC heap before
{Heap before GC invocations=40 (full 4):
 PSYoungGen      total 481792K, used 481775K [0x00000000e0000000, 0x00000000ffc80000, 0x0000000100000000)
  eden space 475648K, 100% used [0x00000000e0000000,0x00000000fd080000,0x00000000fd080000)
  from space 6144K, 99% used [0x00000000fd080000,0x00000000fd67bc78,0x00000000fd680000)
  to   space 22528K, 0% used [0x00000000fe680000,0x00000000fe680000,0x00000000ffc80000)
 ParOldGen       total 152064K, used 119257K [0x00000000a0000000, 0x00000000a9480000, 0x00000000e0000000)
  object space 152064K, 78% used [0x00000000a0000000,0x00000000a7476758,0x00000000a9480000)
 Metaspace       used 75698K, capacity 78594K, committed 79104K, reserved 1118208K
  class space    used 10178K, capacity 10789K, committed 11008K, reserved 1048576K
Event: 122.757 GC heap after
Heap after GC invocations=40 (full 4):
 PSYoungGen      total 489472K, used 22496K [0x00000000e0000000, 0x0000000100000000, 0x0000000100000000)
  eden space 466944K, 0% used [0x00000000e0000000,0x00000000e0000000,0x00000000fc800000)
  from space 22528K, 99% used [0x00000000fe680000,0x00000000ffc78348,0x00000000ffc80000)
  to   space 28672K, 0% used [0x00000000fc800000,0x00000000fc800000,0x00000000fe400000)
 ParOldGen       total 152064K, used 125252K [0x00000000a0000000, 0x00000000a9480000, 0x00000000e0000000)
  object space 152064K, 82% used [0x00000000a0000000,0x00000000a7a51328,0x00000000a9480000)
 Metaspace       used 75698K, capacity 78594K, committed 79104K, reserved 1118208K
  class space    used 10178K, capacity 10789K, committed 11008K, reserved 1048576K
}
Event: 125.252 GC heap before
{Heap before GC invocations=41 (full 5):
 PSYoungGen      total 489472K, used 489440K [0x00000000e0000000, 0x0000000100000000, 0x0000000100000000)
  eden space 466944K, 100% used [0x00000000e0000000,0x00000000fc800000,0x00000000fc800000)
  from space 22528K, 99% used [0x00000000fe680000,0x00000000ffc78348,0x00000000ffc80000)
  to   space 28672K, 0% used [0x00000000fc800000,0x00000000fc800000,0x00000000fe400000)
 ParOldGen       total 156672K, used 156447K [0x00000000a0000000, 0x00000000a9900000, 0x00000000e0000000)
  object space 156672K, 99% used [0x00000000a0000000,0x00000000a98c7f98,0x00000000a9900000)
 Metaspace       used 75762K, capacity 78696K, committed 79360K, reserved 1118208K
  class space    used 10184K, capacity 10796K, committed 11008K, reserved 1048576K
Event: 125.737 GC heap after
Heap after GC invocations=41 (full 5):
 PSYoungGen      total 489472K, used 0K [0x00000000e0000000, 0x0000000100000000, 0x0000000100000000)
  eden space 466944K, 0% used [0x00000000e0000000,0x00000000e0000000,0x00000000fc800000)
  from space 22528K, 0% used [0x00000000fe680000,0x00000000fe680000,0x00000000ffc80000)
  to   space 28672K, 0% used [0x00000000fc800000,0x00000000fc800000,0x00000000fe400000)
 ParOldGen       total 173056K, used 84739K [0x00000000a0000000, 0x00000000aa900000, 0x00000000e0000000)
  object space 173056K, 48% used [0x00000000a0000000,0x00000000a52c0e40,0x00000000aa900000)
 Metaspace       used 75762K, capacity 78696K, committed 79360K, reserved 1118208K
  class space    used 10184K, capacity 10796K, committed 11008K, reserved 1048576K
}
Event: 129.182 GC heap before
{Heap before GC invocations=42 (full 5):
 PSYoungGen      total 489472K, used 466944K [0x00000000e0000000, 0x0000000100000000, 0x0000000100000000)
  eden space 466944K, 100% used [0x00000000e0000000,0x00000000fc800000,0x00000000fc800000)
  from space 22528K, 0% used [0x00000000fe680000,0x00000000fe680000,0x00000000ffc80000)
  to   space 28672K, 0% used [0x00000000fc800000,0x00000000fc800000,0x00000000fe400000)
 ParOldGen       total 173056K, used 84741K [0x00000000a0000000, 0x00000000aa900000, 0x00000000e0000000)
  object space 173056K, 48% used [0x00000000a0000000,0x00000000a52c1658,0x00000000aa900000)
 Metaspace       used 75831K, capacity 78760K, committed 79360K, reserved 1118208K
  class space    used 10194K, capacity 10796K, committed 11008K, reserved 1048576K
Event: 129.211 GC heap after
Heap after GC invocations=42 (full 5):
 PSYoungGen      total 495616K, used 9960K [0x00000000e0000000, 0x0000000100000000, 0x0000000100000000)
  eden space 466944K, 0% used [0x00000000e0000000,0x00000000e0000000,0x00000000fc800000)
  from space 28672K, 34% used [0x00000000fc800000,0x00000000fd1ba148,0x00000000fe400000)
  to   space 27136K, 0% used [0x00000000fe580000,0x00000000fe580000,0x0000000100000000)
 ParOldGen       total 173056K, used 84741K [0x00000000a0000000, 0x00000000aa900000, 0x00000000e0000000)
  object space 173056K, 48% used [0x00000000a0000000,0x00000000a52c1658,0x00000000aa900000)
 Metaspace       used 75831K, capacity 78760K, committed 79360K, reserved 1118208K
  class space    used 10194K, capacity 10796K, committed 11008K, reserved 1048576K
}
Event: 139.593 GC heap before
{Heap before GC invocations=43 (full 5):
 PSYoungGen      total 495616K, used 476904K [0x00000000e0000000, 0x0000000100000000, 0x0000000100000000)
  eden space 466944K, 100% used [0x00000000e0000000,0x00000000fc800000,0x00000000fc800000)
  from space 28672K, 34% used [0x00000000fc800000,0x00000000fd1ba148,0x00000000fe400000)
  to   space 27136K, 0% used [0x00000000fe580000,0x00000000fe580000,0x0000000100000000)
 ParOldGen       total 173056K, used 84741K [0x00000000a0000000, 0x00000000aa900000, 0x00000000e0000000)
  object space 173056K, 48% used [0x00000000a0000000,0x00000000a52c1658,0x00000000aa900000)
 Metaspace       used 77804K, capacity 80914K, committed 81024K, reserved 1120256K
  class space    used 10420K, capacity 11071K, committed 11136K, reserved 1048576K
Event: 139.775 GC heap after
Heap after GC invocations=43 (full 5):
 PSYoungGen      total 458240K, used 27122K [0x00000000e0000000, 0x0000000100000000, 0x0000000100000000)
  eden space 431104K, 0% used [0x00000000e0000000,0x00000000e0000000,0x00000000fa500000)
  from space 27136K, 99% used [0x00000000fe580000,0x00000000ffffcb68,0x0000000100000000)
  to   space 46592K, 0% used [0x00000000fa500000,0x00000000fa500000,0x00000000fd280000)
 ParOldGen       total 173056K, used 125135K [0x00000000a0000000, 0x00000000aa900000, 0x00000000e0000000)
  object space 173056K, 72% used [0x00000000a0000000,0x00000000a7a33ea0,0x00000000aa900000)
 Metaspace       used 77804K, capacity 80914K, committed 81024K, reserved 1120256K
  class space    used 10420K, capacity 11071K, committed 11136K, reserved 1048576K
}

