# JRE version: OpenJDK Runtime Environment (8.0_212-b04) (build 1.8.0_212-release-1586-b04)
# Java VM: OpenJDK 64-Bit Server VM (25.212-b04 mixed mode windows-amd64 compressed oops)
Heap:
 PSYoungGen      total 463872K, used 463370K [0x00000000e0000000, 0x0000000100000000, 0x0000000100000000)
  eden space 432128K, 100% used [0x00000000e0000000,0x00000000fa600000,0x00000000fa600000)
  from space 31744K, 98% used [0x00000000fa600000,0x00000000fc482a18,0x00000000fc500000)
  to   space 47104K, 59% used [0x00000000fd200000,0x00000000fed349b8,0x0000000100000000)
 ParOldGen       total 146944K, used 99955K [0x00000000a0000000, 0x00000000a8f80000, 0x00000000e0000000)
  object space 146944K, 68% used [0x00000000a0000000,0x00000000a619cee0,0x00000000a8f80000)
 Metaspace       used 134278K, capacity 140168K, committed 140312K, reserved 1171456K
  class space    used 17463K, capacity 18662K, committed 18728K, reserved 1048576K
GC Heap History (10 events):
Event: 3976.609 GC heap after
Heap after GC invocations=19 (full 4):
 PSYoungGen      total 482304K, used 21498K [0x00000000e0000000, 0x0000000100000000, 0x0000000100000000)
  eden space 440320K, 0% used [0x00000000e0000000,0x00000000e0000000,0x00000000fae00000)
  from space 41984K, 51% used [0x00000000fae00000,0x00000000fc2fe9b8,0x00000000fd700000)
  to   space 41472K, 0% used [0x00000000fd780000,0x00000000fd780000,0x0000000100000000)
 ParOldGen       total 146944K, used 99923K [0x00000000a0000000, 0x00000000a8f80000, 0x00000000e0000000)
  object space 146944K, 68% used [0x00000000a0000000,0x00000000a6194ee0,0x00000000a8f80000)
 Metaspace       used 117615K, capacity 122258K, committed 122392K, reserved 1155072K
  class space    used 15336K, capacity 16339K, committed 16424K, reserved 1048576K
}
Event: 4009.080 GC heap before
{Heap before GC invocations=20 (full 4):
 PSYoungGen      total 482304K, used 461818K [0x00000000e0000000, 0x0000000100000000, 0x0000000100000000)
  eden space 440320K, 100% used [0x00000000e0000000,0x00000000fae00000,0x00000000fae00000)
  from space 41984K, 51% used [0x00000000fae00000,0x00000000fc2fe9b8,0x00000000fd700000)
  to   space 41472K, 0% used [0x00000000fd780000,0x00000000fd780000,0x0000000100000000)
 ParOldGen       total 146944K, used 99923K [0x00000000a0000000, 0x00000000a8f80000, 0x00000000e0000000)
  object space 146944K, 68% used [0x00000000a0000000,0x00000000a6194ee0,0x00000000a8f80000)
 Metaspace       used 132659K, capacity 138338K, committed 138392K, reserved 1169408K
  class space    used 17363K, capacity 18549K, committed 18600K, reserved 1048576K
Event: 4009.180 GC heap after
Heap after GC invocations=20 (full 4):
 PSYoungGen      total 471552K, used 38969K [0x00000000e0000000, 0x0000000100000000, 0x0000000100000000)
  eden space 430080K, 0% used [0x00000000e0000000,0x00000000e0000000,0x00000000fa400000)
  from space 41472K, 93% used [0x00000000fd780000,0x00000000ffd8e430,0x0000000100000000)
  to   space 47104K, 0% used [0x00000000fa400000,0x00000000fa400000,0x00000000fd200000)
 ParOldGen       total 146944K, used 99931K [0x00000000a0000000, 0x00000000a8f80000, 0x00000000e0000000)
  object space 146944K, 68% used [0x00000000a0000000,0x00000000a6196ee0,0x00000000a8f80000)
 Metaspace       used 132659K, capacity 138338K, committed 138392K, reserved 1169408K
  class space    used 17363K, capacity 18549K, committed 18600K, reserved 1048576K
}
Event: 4013.474 GC heap before
{Heap before GC invocations=21 (full 4):
 PSYoungGen      total 471552K, used 469049K [0x00000000e0000000, 0x0000000100000000, 0x0000000100000000)
  eden space 430080K, 100% used [0x00000000e0000000,0x00000000fa400000,0x00000000fa400000)
  from space 41472K, 93% used [0x00000000fd780000,0x00000000ffd8e430,0x0000000100000000)
  to   space 47104K, 0% used [0x00000000fa400000,0x00000000fa400000,0x00000000fd200000)
 ParOldGen       total 146944K, used 99931K [0x00000000a0000000, 0x00000000a8f80000, 0x00000000e0000000)
  object space 146944K, 68% used [0x00000000a0000000,0x00000000a6196ee0,0x00000000a8f80000)
 Metaspace       used 133786K, capacity 139668K, committed 139800K, reserved 1171456K
  class space    used 17441K, capacity 18650K, committed 18728K, reserved 1048576K
Event: 4013.519 GC heap after
Heap after GC invocations=21 (full 4):
 PSYoungGen      total 477184K, used 21198K [0x00000000e0000000, 0x0000000100000000, 0x0000000100000000)
  eden space 430080K, 0% used [0x00000000e0000000,0x00000000e0000000,0x00000000fa400000)
  from space 47104K, 45% used [0x00000000fa400000,0x00000000fb8b3bc0,0x00000000fd200000)
  to   space 45056K, 0% used [0x00000000fd400000,0x00000000fd400000,0x0000000100000000)
 ParOldGen       total 146944K, used 99939K [0x00000000a0000000, 0x00000000a8f80000, 0x00000000e0000000)
  object space 146944K, 68% used [0x00000000a0000000,0x00000000a6198ee0,0x00000000a8f80000)
 Metaspace       used 133786K, capacity 139668K, committed 139800K, reserved 1171456K
  class space    used 17441K, capacity 18650K, committed 18728K, reserved 1048576K
}
Event: 4018.858 GC heap before
{Heap before GC invocations=22 (full 4):
 PSYoungGen      total 477184K, used 451278K [0x00000000e0000000, 0x0000000100000000, 0x0000000100000000)
  eden space 430080K, 100% used [0x00000000e0000000,0x00000000fa400000,0x00000000fa400000)
  from space 47104K, 45% used [0x00000000fa400000,0x00000000fb8b3bc0,0x00000000fd200000)
  to   space 45056K, 0% used [0x00000000fd400000,0x00000000fd400000,0x0000000100000000)
 ParOldGen       total 146944K, used 99939K [0x00000000a0000000, 0x00000000a8f80000, 0x00000000e0000000)
  object space 146944K, 68% used [0x00000000a0000000,0x00000000a6198ee0,0x00000000a8f80000)
 Metaspace       used 134117K, capacity 139956K, committed 140056K, reserved 1171456K
  class space    used 17459K, capacity 18660K, committed 18728K, reserved 1048576K
Event: 4018.918 GC heap after
Heap after GC invocations=22 (full 4):
 PSYoungGen      total 476160K, used 28164K [0x00000000e0000000, 0x00000000fff00000, 0x0000000100000000)
  eden space 432128K, 0% used [0x00000000e0000000,0x00000000e0000000,0x00000000fa600000)
  from space 44032K, 63% used [0x00000000fd400000,0x00000000fef81370,0x00000000fff00000)
  to   space 45568K, 0% used [0x00000000fa600000,0x00000000fa600000,0x00000000fd280000)
 ParOldGen       total 146944K, used 99947K [0x00000000a0000000, 0x00000000a8f80000, 0x00000000e0000000)
  object space 146944K, 68% used [0x00000000a0000000,0x00000000a619aee0,0x00000000a8f80000)
 Metaspace       used 134117K, capacity 139956K, committed 140056K, reserved 1171456K
  class space    used 17459K, capacity 18660K, committed 18728K, reserved 1048576K
}
Event: 4021.490 GC heap before
{Heap before GC invocations=23 (full 4):
 PSYoungGen      total 476160K, used 460292K [0x00000000e0000000, 0x00000000fff00000, 0x0000000100000000)
  eden space 432128K, 100% used [0x00000000e0000000,0x00000000fa600000,0x00000000fa600000)
  from space 44032K, 63% used [0x00000000fd400000,0x00000000fef81370,0x00000000fff00000)
  to   space 45568K, 0% used [0x00000000fa600000,0x00000000fa600000,0x00000000fd280000)
 ParOldGen       total 146944K, used 99947K [0x00000000a0000000, 0x00000000a8f80000, 0x00000000e0000000)
  object space 146944K, 68% used [0x00000000a0000000,0x00000000a619aee0,0x00000000a8f80000)
 Metaspace       used 134231K, capacity 140168K, committed 140312K, reserved 1171456K
  class space    used 17463K, capacity 18662K, committed 18728K, reserved 1048576K
Event: 4021.576 GC heap after
Heap after GC invocations=23 (full 4):
 PSYoungGen      total 463872K, used 31242K [0x00000000e0000000, 0x0000000100000000, 0x0000000100000000)
  eden space 432128K, 0% used [0x00000000e0000000,0x00000000e0000000,0x00000000fa600000)
  from space 31744K, 98% used [0x00000000fa600000,0x00000000fc482a18,0x00000000fc500000)
  to   space 47104K, 0% used [0x00000000fd200000,0x00000000fd200000,0x0000000100000000)
 ParOldGen       total 146944K, used 99947K [0x00000000a0000000, 0x00000000a8f80000, 0x00000000e0000000)
  object space 146944K, 68% used [0x00000000a0000000,0x00000000a619aee0,0x00000000a8f80000)
 Metaspace       used 134231K, capacity 140168K, committed 140312K, reserved 1171456K
  class space    used 17463K, capacity 18662K, committed 18728K, reserved 1048576K
}
Event: 4023.854 GC heap before
{Heap before GC invocations=24 (full 4):
 PSYoungGen      total 463872K, used 463370K [0x00000000e0000000, 0x0000000100000000, 0x0000000100000000)
  eden space 432128K, 100% used [0x00000000e0000000,0x00000000fa600000,0x00000000fa600000)
  from space 31744K, 98% used [0x00000000fa600000,0x00000000fc482a18,0x00000000fc500000)
  to   space 47104K, 0% used [0x00000000fd200000,0x00000000fd200000,0x0000000100000000)
 ParOldGen       total 146944K, used 99947K [0x00000000a0000000, 0x00000000a8f80000, 0x00000000e0000000)
  object space 146944K, 68% used [0x00000000a0000000,0x00000000a619aee0,0x00000000a8f80000)
 Metaspace       used 134278K, capacity 140168K, committed 140312K, reserved 1171456K
  class space    used 17463K, capacity 18662K, committed 18728K, reserved 1048576K

