# JRE version: OpenJDK Runtime Environment (8.0_212-b04) (build 1.8.0_212-release-1586-b04)
# Java VM: OpenJDK 64-Bit Server VM (25.212-b04 mixed mode windows-amd64 compressed oops)
Heap:
 PSYoungGen      total 327680K, used 40570K [0x00000000e0000000, 0x00000000fa400000, 0x0000000100000000)
  eden space 286720K, 0% used [0x00000000e0000000,0x00000000e0000000,0x00000000f1800000)
  from space 40960K, 99% used [0x00000000f2900000,0x00000000f509e840,0x00000000f5100000)
  to   space 71680K, 0% used [0x00000000f5e00000,0x00000000f5e00000,0x00000000fa400000)
 ParOldGen       total 217600K, used 89376K [0x00000000a0000000, 0x00000000ad480000, 0x00000000e0000000)
  object space 217600K, 41% used [0x00000000a0000000,0x00000000a57483d0,0x00000000ad480000)
 Metaspace       used 155435K, capacity 164084K, committed 164160K, reserved 1191936K
  class space    used 20745K, capacity 22452K, committed 22528K, reserved 1048576K
GC Heap History (10 events):
Event: 1209.666 GC heap after
Heap after GC invocations=19 (full 4):
 PSYoungGen      total 396288K, used 47675K [0x00000000e0000000, 0x00000000fff80000, 0x0000000100000000)
  eden space 332800K, 0% used [0x00000000e0000000,0x00000000e0000000,0x00000000f4500000)
  from space 63488K, 75% used [0x00000000f4500000,0x00000000f738eca8,0x00000000f8300000)
  to   space 68608K, 0% used [0x00000000fbc80000,0x00000000fbc80000,0x00000000fff80000)
 ParOldGen       total 217600K, used 89344K [0x00000000a0000000, 0x00000000ad480000, 0x00000000e0000000)
  object space 217600K, 41% used [0x00000000a0000000,0x00000000a57403d0,0x00000000ad480000)
 Metaspace       used 109349K, capacity 114818K, committed 115072K, reserved 1148928K
  class space    used 14798K, capacity 15885K, committed 16000K, reserved 1048576K
}
Event: 3639.243 GC heap before
{Heap before GC invocations=20 (full 4):
 PSYoungGen      total 396288K, used 380475K [0x00000000e0000000, 0x00000000fff80000, 0x0000000100000000)
  eden space 332800K, 100% used [0x00000000e0000000,0x00000000f4500000,0x00000000f4500000)
  from space 63488K, 75% used [0x00000000f4500000,0x00000000f738eca8,0x00000000f8300000)
  to   space 68608K, 0% used [0x00000000fbc80000,0x00000000fbc80000,0x00000000fff80000)
 ParOldGen       total 217600K, used 89344K [0x00000000a0000000, 0x00000000ad480000, 0x00000000e0000000)
  object space 217600K, 41% used [0x00000000a0000000,0x00000000a57403d0,0x00000000ad480000)
 Metaspace       used 118752K, capacity 124788K, committed 125184K, reserved 1157120K
  class space    used 15853K, capacity 17036K, committed 17152K, reserved 1048576K
Event: 3642.968 GC heap after
Heap after GC invocations=20 (full 4):
 PSYoungGen      total 345600K, used 24946K [0x00000000e0000000, 0x00000000fd500000, 0x0000000100000000)
  eden space 320512K, 0% used [0x00000000e0000000,0x00000000e0000000,0x00000000f3900000)
  from space 25088K, 99% used [0x00000000fbc80000,0x00000000fd4dc860,0x00000000fd500000)
  to   space 64512K, 0% used [0x00000000f5700000,0x00000000f5700000,0x00000000f9600000)
 ParOldGen       total 217600K, used 89352K [0x00000000a0000000, 0x00000000ad480000, 0x00000000e0000000)
  object space 217600K, 41% used [0x00000000a0000000,0x00000000a57423d0,0x00000000ad480000)
 Metaspace       used 118752K, capacity 124788K, committed 125184K, reserved 1157120K
  class space    used 15853K, capacity 17036K, committed 17152K, reserved 1048576K
}
Event: 3826.106 GC heap before
{Heap before GC invocations=21 (full 4):
 PSYoungGen      total 345600K, used 345458K [0x00000000e0000000, 0x00000000fd500000, 0x0000000100000000)
  eden space 320512K, 100% used [0x00000000e0000000,0x00000000f3900000,0x00000000f3900000)
  from space 25088K, 99% used [0x00000000fbc80000,0x00000000fd4dc860,0x00000000fd500000)
  to   space 64512K, 0% used [0x00000000f5700000,0x00000000f5700000,0x00000000f9600000)
 ParOldGen       total 217600K, used 89352K [0x00000000a0000000, 0x00000000ad480000, 0x00000000e0000000)
  object space 217600K, 41% used [0x00000000a0000000,0x00000000a57423d0,0x00000000ad480000)
 Metaspace       used 136134K, capacity 143500K, committed 143616K, reserved 1173504K
  class space    used 18240K, capacity 19678K, committed 19712K, reserved 1048576K
Event: 3827.316 GC heap after
Heap after GC invocations=21 (full 4):
 PSYoungGen      total 345600K, used 36352K [0x00000000e0000000, 0x00000000fbd00000, 0x0000000100000000)
  eden space 308736K, 0% used [0x00000000e0000000,0x00000000e0000000,0x00000000f2d80000)
  from space 36864K, 98% used [0x00000000f5700000,0x00000000f7a801b0,0x00000000f7b00000)
  to   space 64512K, 0% used [0x00000000f7e00000,0x00000000f7e00000,0x00000000fbd00000)
 ParOldGen       total 217600K, used 89360K [0x00000000a0000000, 0x00000000ad480000, 0x00000000e0000000)
  object space 217600K, 41% used [0x00000000a0000000,0x00000000a57443d0,0x00000000ad480000)
 Metaspace       used 136134K, capacity 143500K, committed 143616K, reserved 1173504K
  class space    used 18240K, capacity 19678K, committed 19712K, reserved 1048576K
}
Event: 3847.462 GC heap before
{Heap before GC invocations=22 (full 4):
 PSYoungGen      total 345600K, used 345081K [0x00000000e0000000, 0x00000000fbd00000, 0x0000000100000000)
  eden space 308736K, 99% used [0x00000000e0000000,0x00000000f2d7e330,0x00000000f2d80000)
  from space 36864K, 98% used [0x00000000f5700000,0x00000000f7a801b0,0x00000000f7b00000)
  to   space 64512K, 0% used [0x00000000f7e00000,0x00000000f7e00000,0x00000000fbd00000)
 ParOldGen       total 217600K, used 89360K [0x00000000a0000000, 0x00000000ad480000, 0x00000000e0000000)
  object space 217600K, 41% used [0x00000000a0000000,0x00000000a57443d0,0x00000000ad480000)
 Metaspace       used 154347K, capacity 162766K, committed 162944K, reserved 1189888K
  class space    used 20629K, capacity 22283K, committed 22400K, reserved 1048576K
Event: 3847.712 GC heap after
Heap after GC invocations=22 (full 4):
 PSYoungGen      total 353792K, used 55902K [0x00000000e0000000, 0x00000000fb500000, 0x0000000100000000)
  eden space 297472K, 0% used [0x00000000e0000000,0x00000000e0000000,0x00000000f2280000)
  from space 56320K, 99% used [0x00000000f7e00000,0x00000000fb497a58,0x00000000fb500000)
  to   space 71680K, 0% used [0x00000000f2900000,0x00000000f2900000,0x00000000f6f00000)
 ParOldGen       total 217600K, used 89368K [0x00000000a0000000, 0x00000000ad480000, 0x00000000e0000000)
  object space 217600K, 41% used [0x00000000a0000000,0x00000000a57463d0,0x00000000ad480000)
 Metaspace       used 154347K, capacity 162766K, committed 162944K, reserved 1189888K
  class space    used 20629K, capacity 22283K, committed 22400K, reserved 1048576K
}
Event: 4228.037 GC heap before
{Heap before GC invocations=23 (full 4):
 PSYoungGen      total 353792K, used 116790K [0x00000000e0000000, 0x00000000fb500000, 0x0000000100000000)
  eden space 297472K, 20% used [0x00000000e0000000,0x00000000e3b75f30,0x00000000f2280000)
  from space 56320K, 99% used [0x00000000f7e00000,0x00000000fb497a58,0x00000000fb500000)
  to   space 71680K, 0% used [0x00000000f2900000,0x00000000f2900000,0x00000000f6f00000)
 ParOldGen       total 217600K, used 89368K [0x00000000a0000000, 0x00000000ad480000, 0x00000000e0000000)
  object space 217600K, 41% used [0x00000000a0000000,0x00000000a57463d0,0x00000000ad480000)
 Metaspace       used 155435K, capacity 164084K, committed 164160K, reserved 1191936K
  class space    used 20745K, capacity 22452K, committed 22528K, reserved 1048576K
Event: 4228.744 GC heap after
Heap after GC invocations=23 (full 4):
 PSYoungGen      total 327680K, used 40570K [0x00000000e0000000, 0x00000000fa400000, 0x0000000100000000)
  eden space 286720K, 0% used [0x00000000e0000000,0x00000000e0000000,0x00000000f1800000)
  from space 40960K, 99% used [0x00000000f2900000,0x00000000f509e840,0x00000000f5100000)
  to   space 71680K, 0% used [0x00000000f5e00000,0x00000000f5e00000,0x00000000fa400000)
 ParOldGen       total 217600K, used 89376K [0x00000000a0000000, 0x00000000ad480000, 0x00000000e0000000)
  object space 217600K, 41% used [0x00000000a0000000,0x00000000a57483d0,0x00000000ad480000)
 Metaspace       used 155435K, capacity 164084K, committed 164160K, reserved 1191936K
  class space    used 20745K, capacity 22452K, committed 22528K, reserved 1048576K
}
Event: 4228.744 GC heap before
{Heap before GC invocations=24 (full 5):
 PSYoungGen      total 327680K, used 40570K [0x00000000e0000000, 0x00000000fa400000, 0x0000000100000000)
  eden space 286720K, 0% used [0x00000000e0000000,0x00000000e0000000,0x00000000f1800000)
  from space 40960K, 99% used [0x00000000f2900000,0x00000000f509e840,0x00000000f5100000)
  to   space 71680K, 0% used [0x00000000f5e00000,0x00000000f5e00000,0x00000000fa400000)
 ParOldGen       total 217600K, used 89376K [0x00000000a0000000, 0x00000000ad480000, 0x00000000e0000000)
  object space 217600K, 41% used [0x00000000a0000000,0x00000000a57483d0,0x00000000ad480000)
 Metaspace       used 155435K, capacity 164084K, committed 164160K, reserved 1191936K
  class space    used 20745K, capacity 22452K, committed 22528K, reserved 1048576K

